2023-02-06 12:06:17,455 3108 INFO SELENE application >> started!
2023-02-06 12:06:17,480 3108 INFO Config file: configuration/config.ini read!
2023-02-06 12:06:17,480 3108 INFO Stations json file: configuration/stations.json loaded!
2023-02-06 12:06:17,582 3108 INFO Quality control - qc module >> started!
2023-02-06 12:06:22,019 3108 INFO Bad data detected: 2019-09-19T06:53:00.000000000
2023-02-06 12:06:22,025 3108 INFO Bad data detected: 2019-09-19T07:03:00.000000000
2023-02-06 12:06:22,025 3108 INFO Bad data detected: 2019-09-19T07:11:00.000000000
2023-02-06 12:06:22,025 3108 INFO Bad data detected: 2019-09-20T09:24:00.000000000
2023-02-06 12:06:22,026 3108 INFO Bad data detected: 2019-09-20T09:25:00.000000000
2023-02-06 12:06:22,026 3108 INFO Bad data detected: 2019-09-20T09:39:00.000000000
2023-02-06 12:06:22,026 3108 INFO Bad data detected: 2019-09-20T09:51:00.000000000
2023-02-06 12:06:22,026 3108 INFO Bad data detected: 2019-09-20T12:40:00.000000000
2023-02-06 12:06:22,026 3108 INFO Bad data detected: 2019-09-20T13:24:00.000000000
2023-02-06 12:06:22,026 3108 INFO Bad data detected: 2019-09-20T14:15:00.000000000
2023-02-06 12:06:22,026 3108 INFO Bad data detected: 2019-09-21T08:55:00.000000000
2023-02-06 12:06:22,027 3108 INFO Bad data detected: 2019-09-21T08:56:00.000000000
2023-02-06 12:06:22,027 3108 INFO Bad data detected: 2019-09-21T09:20:00.000000000
2023-02-06 12:06:22,027 3108 INFO Bad data detected: 2019-09-22T23:57:00.000000000
2023-02-06 12:06:22,027 3108 INFO Bad data detected: 2019-09-23T10:17:00.000000000
2023-02-06 12:06:22,027 3108 INFO Bad data detected: 2019-09-23T10:24:00.000000000
2023-02-06 12:06:22,027 3108 INFO Bad data detected: 2019-09-23T10:26:00.000000000
2023-02-06 12:06:22,027 3108 INFO Bad data detected: 2019-09-23T10:30:00.000000000
2023-02-06 12:06:22,028 3108 INFO Bad data detected: 2019-09-24T17:52:00.000000000
2023-02-06 12:06:22,028 3108 INFO Bad data detected: 2019-09-24T18:55:00.000000000
2023-02-06 12:06:22,028 3108 INFO Bad data detected: 2019-09-25T04:53:00.000000000
2023-02-06 12:06:22,028 3108 INFO Bad data detected: 2019-09-25T05:02:00.000000000
2023-02-06 12:06:22,028 3108 INFO Bad data detected: 2019-09-25T05:51:00.000000000
2023-02-06 12:06:22,028 3108 INFO Bad data detected: 2019-09-19T06:57:00.000000000
2023-02-06 12:06:22,028 3108 INFO Bad data detected: 2019-09-19T07:06:00.000000000
2023-02-06 12:06:22,029 3108 INFO Bad data detected: 2019-09-20T09:23:00.000000000
2023-02-06 12:06:22,029 3108 INFO Bad data detected: 2019-09-20T09:36:00.000000000
2023-02-06 12:06:22,029 3108 INFO Bad data detected: 2019-09-20T11:33:00.000000000
2023-02-06 12:06:22,029 3108 INFO Bad data detected: 2019-09-20T12:13:00.000000000
2023-02-06 12:06:22,029 3108 INFO Bad data detected: 2019-09-21T09:04:00.000000000
2023-02-06 12:06:22,029 3108 INFO Bad data detected: 2019-09-21T09:29:00.000000000
2023-02-06 12:06:22,029 3108 INFO Bad data detected: 2019-09-21T09:36:00.000000000
2023-02-06 12:06:22,029 3108 INFO Bad data detected: 2019-09-23T00:00:00.000000000
2023-02-06 12:06:22,030 3108 INFO Bad data detected: 2019-09-24T16:40:00.000000000
2023-02-06 12:06:22,030 3108 INFO Bad data detected: 2019-09-24T17:33:00.000000000
2023-02-06 12:06:22,030 3108 INFO Bad data detected: 2019-09-24T18:00:00.000000000
2023-02-06 12:06:22,030 3108 INFO Bad data detected: 2019-09-20T09:31:00.000000000
2023-02-06 12:06:22,030 3108 INFO Bad data detected: 2019-09-24T16:27:00.000000000
2023-02-06 12:06:22,030 3108 INFO Bad data detected: 2019-09-24T17:51:00.000000000
2023-02-06 12:06:22,030 3108 INFO TIME to check quality - qc module: 4.449320554733276 seconds
2023-02-06 12:06:22,068 3108 INFO Interpolation - qc interpolation >> started!
2023-02-06 12:06:22,117 3108 INFO Foreman - create input file >> started!
2023-02-06 12:06:22,117 3108 ERROR Error processing station: 3108
2023-02-06 12:06:22,117 3108 ERROR (<class 'FileNotFoundError'>, FileNotFoundError(2, 'No such file or directory'), <traceback object at 0x7f19733cf480>)
2023-02-06 12:06:22,117 3108 INFO Elapsed time... 4.663920164108276 seconds
